  main.cpp
  myProcess.cpp
myProcess.cpp(17): warning C4267: '=': 'size_t' から 'int' に変換しました。データが失われているかもしれません。
  control.cpp
System\control.cpp(173): warning C4267: '引数': 'size_t' から 'int' に変換しました。データが失われているかもしれません。
  cursor.cpp
  edge.cpp
System\edge.cpp(44): warning C4244: '初期化中': 'int' から 'float' への変換です。データが失われる可能性があります。
System\edge.cpp(50): warning C4244: '引数': 'float' から 'int' への変換です。データが失われる可能性があります。
System\edge.cpp(53): warning C4244: '引数': 'float' から 'int' への変換です。データが失われる可能性があります。
System\edge.cpp(74): warning C4244: '初期化中': 'double' から 'int' への変換です。データが失われる可能性があります。
System\edge.cpp(75): warning C4244: '初期化中': 'double' から 'int' への変換です。データが失われる可能性があります。
  node.cpp
System\node.cpp(23): warning C4244: '引数': 'int' から 'float' への変換です。データが失われる可能性があります。
System\node.cpp(24): warning C4244: '引数': 'int' から 'float' への変換です。データが失われる可能性があります。
  process.cpp
  コード生成しています。
  All 594 functions were compiled because no usable IPDB/IOBJ from previous compilation was found.
  コード生成が終了しました。
  DrawMathGraph.vcxproj -> C:\Users\ugonight\Documents\Visual Studio 2017\Projects\work\DrawMathGraph\x64\Release\DrawMathGraph.exe
