c:\users\ugonight\documents\visual studio 2017\projects\work\drawmathgraph\drawmathgraph\x64\release\vc141.pdb
c:\users\ugonight\documents\visual studio 2017\projects\work\drawmathgraph\drawmathgraph\x64\release\node.obj
c:\users\ugonight\documents\visual studio 2017\projects\work\drawmathgraph\drawmathgraph\x64\release\main.obj
c:\users\ugonight\documents\visual studio 2017\projects\work\drawmathgraph\drawmathgraph\x64\release\edge.obj
c:\users\ugonight\documents\visual studio 2017\projects\work\drawmathgraph\drawmathgraph\x64\release\cursor.obj
c:\users\ugonight\documents\visual studio 2017\projects\work\drawmathgraph\drawmathgraph\x64\release\control.obj
c:\users\ugonight\documents\visual studio 2017\projects\work\drawmathgraph\x64\release\drawmathgraph.ipdb
c:\users\ugonight\documents\visual studio 2017\projects\work\drawmathgraph\x64\release\drawmathgraph.iobj
c:\users\ugonight\documents\visual studio 2017\projects\work\drawmathgraph\x64\release\drawmathgraph.exe
c:\users\ugonight\documents\visual studio 2017\projects\work\drawmathgraph\x64\release\drawmathgraph.pdb
c:\users\ugonight\documents\visual studio 2017\projects\work\drawmathgraph\drawmathgraph\x64\release\resource.res
c:\users\ugonight\documents\visual studio 2017\projects\work\drawmathgraph\drawmathgraph\x64\release\drawmathgraph.tlog\cl.command.1.tlog
c:\users\ugonight\documents\visual studio 2017\projects\work\drawmathgraph\drawmathgraph\x64\release\drawmathgraph.tlog\cl.read.1.tlog
c:\users\ugonight\documents\visual studio 2017\projects\work\drawmathgraph\drawmathgraph\x64\release\drawmathgraph.tlog\cl.write.1.tlog
c:\users\ugonight\documents\visual studio 2017\projects\work\drawmathgraph\drawmathgraph\x64\release\drawmathgraph.tlog\drawmathgraph.write.1u.tlog
c:\users\ugonight\documents\visual studio 2017\projects\work\drawmathgraph\drawmathgraph\x64\release\drawmathgraph.tlog\link.command.1.tlog
c:\users\ugonight\documents\visual studio 2017\projects\work\drawmathgraph\drawmathgraph\x64\release\drawmathgraph.tlog\link.read.1.tlog
c:\users\ugonight\documents\visual studio 2017\projects\work\drawmathgraph\drawmathgraph\x64\release\drawmathgraph.tlog\link.write.1.tlog
c:\users\ugonight\documents\visual studio 2017\projects\work\drawmathgraph\drawmathgraph\x64\release\drawmathgraph.tlog\rc.command.1.tlog
c:\users\ugonight\documents\visual studio 2017\projects\work\drawmathgraph\drawmathgraph\x64\release\drawmathgraph.tlog\rc.read.1.tlog
c:\users\ugonight\documents\visual studio 2017\projects\work\drawmathgraph\drawmathgraph\x64\release\drawmathgraph.tlog\rc.write.1.tlog
