c:\users\ugonight\documents\visual studio 2017\projects\work\drawmathgraph\drawmathgraph\debug\vc141.pdb
c:\users\ugonight\documents\visual studio 2017\projects\work\drawmathgraph\drawmathgraph\debug\vc141.idb
c:\users\ugonight\documents\visual studio 2017\projects\work\drawmathgraph\drawmathgraph\debug\cursor.obj
c:\users\ugonight\documents\visual studio 2017\projects\work\drawmathgraph\drawmathgraph\debug\main.obj
c:\users\ugonight\documents\visual studio 2017\projects\work\drawmathgraph\drawmathgraph\debug\control.obj
c:\users\ugonight\documents\visual studio 2017\projects\work\drawmathgraph\drawmathgraph\debug\edge.obj
c:\users\ugonight\documents\visual studio 2017\projects\work\drawmathgraph\drawmathgraph\debug\node.obj
c:\users\ugonight\documents\visual studio 2017\projects\work\drawmathgraph\debug\drawmathgraph.exe
c:\users\ugonight\documents\visual studio 2017\projects\work\drawmathgraph\debug\drawmathgraph.ilk
c:\users\ugonight\documents\visual studio 2017\projects\work\drawmathgraph\debug\drawmathgraph.pdb
c:\users\ugonight\documents\visual studio 2017\projects\work\drawmathgraph\drawmathgraph\debug\resource.res
c:\users\ugonight\documents\visual studio 2017\projects\work\drawmathgraph\drawmathgraph\debug\drawmathgraph.tlog\cl.command.1.tlog
c:\users\ugonight\documents\visual studio 2017\projects\work\drawmathgraph\drawmathgraph\debug\drawmathgraph.tlog\cl.read.1.tlog
c:\users\ugonight\documents\visual studio 2017\projects\work\drawmathgraph\drawmathgraph\debug\drawmathgraph.tlog\cl.write.1.tlog
c:\users\ugonight\documents\visual studio 2017\projects\work\drawmathgraph\drawmathgraph\debug\drawmathgraph.tlog\link.command.1.tlog
c:\users\ugonight\documents\visual studio 2017\projects\work\drawmathgraph\drawmathgraph\debug\drawmathgraph.tlog\link.read.1.tlog
c:\users\ugonight\documents\visual studio 2017\projects\work\drawmathgraph\drawmathgraph\debug\drawmathgraph.tlog\link.write.1.tlog
c:\users\ugonight\documents\visual studio 2017\projects\work\drawmathgraph\drawmathgraph\debug\drawmathgraph.tlog\rc.command.1.tlog
c:\users\ugonight\documents\visual studio 2017\projects\work\drawmathgraph\drawmathgraph\debug\drawmathgraph.tlog\rc.read.1.tlog
c:\users\ugonight\documents\visual studio 2017\projects\work\drawmathgraph\drawmathgraph\debug\drawmathgraph.tlog\rc.write.1.tlog
